<?xml version="1.0" encoding="UTF-8"?>
<testng-results skipped="0" failed="0" total="2" passed="2">
  <reporter-output>
  </reporter-output>
  <suite name="Default suite" duration-ms="73728" started-at="2014-12-23T20:13:38Z" finished-at="2014-12-23T20:14:52Z">
    <groups>
    </groups>
    <test name="Default test" duration-ms="73728" started-at="2014-12-23T20:13:38Z" finished-at="2014-12-23T20:14:52Z">
      <class name="com.maax.businessmanager.common.sampleTest">
        <test-method status="PASS" signature="basicnavigation(java.util.Hashtable)[pri:0, instance:com.maax.businessmanager.common.sampleTest@49e4cb85]" name="basicnavigation" duration-ms="72464" started-at="2014-12-23T16:13:40Z" data-provider="SuiteCommontestdata" finished-at="2014-12-23T16:14:52Z">
          <params>
            <param index="0">
              <value>
                <![CDATA[{qual period dp=Days, Browser=Firefox, Password=Welcome1, HC=Medavie Blue Cross, DepTermcalDP=Exact, Username=bcchase, Code=AUTO1B, Waitingperiod=0, Result=, Term.Age=60, TermDatecal=Exact, Runmode=Y, SubCate=Student, StartDatecal=Exact, DepTerm age=22, Status=Inforce, Category=Child, Qual Period=10, Description=Sample Test, BOB=Group, WaitingperiodDP=Days}]]>
              </value>
            </param>
          </params>
          <reporter-output>
          </reporter-output>
        </test-method> <!-- basicnavigation -->
        <test-method status="PASS" signature="basicnavigation(java.util.Hashtable)[pri:0, instance:com.maax.businessmanager.common.sampleTest@49e4cb85]" name="basicnavigation" duration-ms="67430" started-at="2014-12-23T16:13:40Z" data-provider="SuiteCommontestdata" finished-at="2014-12-23T16:14:47Z">
          <params>
            <param index="0">
              <value>
                <![CDATA[{qual period dp=Days, Browser=Chrome, Password=Welcome1, HC=Medavie Blue Cross, DepTermcalDP=Exact, Username=bcchase, Code=AUTO1B, Waitingperiod=0, Result=, Term.Age=60, TermDatecal=Exact, Runmode=Y, SubCate=Student, StartDatecal=Exact, DepTerm age=22, Status=Inforce, Category=Child, Qual Period=10, Description=Sample Test, BOB=Group, WaitingperiodDP=Days}]]>
              </value>
            </param>
          </params>
          <reporter-output>
          </reporter-output>
        </test-method> <!-- basicnavigation -->
      </class> <!-- com.maax.businessmanager.common.sampleTest -->
    </test> <!-- Default test -->
  </suite> <!-- Default suite -->
</testng-results>
