<?xml version="1.0" encoding="UTF-8"?>
<!-- Generated by org.testng.reporters.JUnitXMLReporter -->
<testsuite hostname="LMTN202461" name="Test 1" tests="2" failures="2" timestamp="19 Dec 2014 15:52:50 GMT" time="31.054" errors="0">
  <testcase name="basicnavigation" time="16.209" classname="com.maax.businessmanager.common.sampleTest">
    <failure type="java.lang.IllegalArgumentException" message="Cannot find elements when the XPath expression is null.">
      <![CDATA[java.lang.IllegalArgumentException: Cannot find elements when the XPath expression is null.
	at org.openqa.selenium.By.xpath(By.java:112)
	at com.maax.businessmanager.util.TestBase.waitforelementpresent(TestBase.java:218)
	at com.maax.businessmanager.util.TestBase.dologin(TestBase.java:181)
	at com.maax.businessmanager.common.sampleTest.basicnavigation(sampleTest.java:38)
... Removed 25 stack frames]]>
    </failure>
  </testcase> <!-- basicnavigation -->
  <testcase name="basicnavigation" time="11.956" classname="com.maax.businessmanager.common.sampleTest">
    <failure type="java.lang.IllegalArgumentException" message="Cannot find elements when the XPath expression is null.">
      <![CDATA[java.lang.IllegalArgumentException: Cannot find elements when the XPath expression is null.
	at org.openqa.selenium.By.xpath(By.java:112)
	at com.maax.businessmanager.util.TestBase.waitforelementpresent(TestBase.java:218)
	at com.maax.businessmanager.util.TestBase.dologin(TestBase.java:181)
	at com.maax.businessmanager.common.sampleTest.basicnavigation(sampleTest.java:38)
... Removed 25 stack frames]]>
    </failure>
  </testcase> <!-- basicnavigation -->
</testsuite> <!-- Test 1 -->
